30 01 2017 18:02:56 [http-nio-8080-exec-6] INFO - >>>>>>>>>>>> Get parameters from request: 
 30 01 2017 18:02:56 [http-nio-8080-exec-6] DEBUG - >>>>>>>>>>>> name = dkdgjk
 30 01 2017 18:02:56 [http-nio-8080-exec-6] DEBUG - >>>>>>>>>>>> price = 6.7527
 30 01 2017 18:02:56 [http-nio-8080-exec-6] DEBUG - >>>>>>>>>>>> comment = sfjj
 30 01 2017 18:02:56 [http-nio-8080-exec-6] DEBUG - >>>>>>>>>>>> file_name = sgjsfgjs
 30 01 2017 18:02:56 [http-nio-8080-exec-6] DEBUG - >>>>>>>>>>>> file_type = xml
 30 01 2017 18:02:56 [http-nio-8080-exec-6] DEBUG - >>>>>>>>>>>> flower_type = rose
 30 01 2017 18:02:56 [http-nio-8080-exec-6] INFO - >>>>>>>>>>>> ITEM type = rose
 30 01 2017 18:02:56 [http-nio-8080-exec-6] INFO - >>>>>>>>>>>> File doesn't exist. Create the new one = D:\java_training\web\workspace\FloristWeb\sgjsfgjs.xml
 30 01 2017 18:05:09 [http-nio-8080-exec-7] INFO - >>>>>>>>>>>> Get parameters from request: 
 30 01 2017 18:05:09 [http-nio-8080-exec-7] DEBUG - >>>>>>>>>>>> name = Tulip
 30 01 2017 18:05:09 [http-nio-8080-exec-7] DEBUG - >>>>>>>>>>>> price = 5.555
 30 01 2017 18:05:09 [http-nio-8080-exec-7] DEBUG - >>>>>>>>>>>> comment = 
 30 01 2017 18:05:09 [http-nio-8080-exec-7] DEBUG - >>>>>>>>>>>> file_name = sgjsgj
 30 01 2017 18:05:09 [http-nio-8080-exec-7] DEBUG - >>>>>>>>>>>> file_type = xml
 30 01 2017 18:05:09 [http-nio-8080-exec-7] DEBUG - >>>>>>>>>>>> flower_type = tulip
 30 01 2017 18:05:09 [http-nio-8080-exec-7] INFO - >>>>>>>>>>>> ITEM type = tulip
 30 01 2017 18:05:09 [http-nio-8080-exec-7] INFO - >>>>>>>>>>>> File doesn't exist. Create the new one = D:\java_training\web\workspace\FloristWeb\sgjsgj.xml
 30 01 2017 18:05:13 [http-nio-8080-exec-8] INFO - >>>>>>>>>>>> Get parameters from request: 
 30 01 2017 18:05:13 [http-nio-8080-exec-8] DEBUG - >>>>>>>>>>>> name = Tulip
 30 01 2017 18:05:13 [http-nio-8080-exec-8] DEBUG - >>>>>>>>>>>> price = 5.555
 30 01 2017 18:05:13 [http-nio-8080-exec-8] DEBUG - >>>>>>>>>>>> comment = 
 30 01 2017 18:05:13 [http-nio-8080-exec-8] DEBUG - >>>>>>>>>>>> file_name = sgjsgj
 30 01 2017 18:05:13 [http-nio-8080-exec-8] DEBUG - >>>>>>>>>>>> file_type = xml
 30 01 2017 18:05:13 [http-nio-8080-exec-8] DEBUG - >>>>>>>>>>>> flower_type = tulip
 30 01 2017 18:05:13 [http-nio-8080-exec-8] INFO - >>>>>>>>>>>> ITEM type = tulip
 30 01 2017 18:05:13 [http-nio-8080-exec-8] INFO - >>>>>>>>>>>> File exists already = D:\java_training\web\workspace\FloristWeb\sgjsgj.xml
 30 01 2017 18:05:13 [http-nio-8080-exec-8] INFO - >>>>>>>>>>>> GET object from XML file = Flower name: Tulip; price: 5.555
 30 01 2017 18:05:13 [http-nio-8080-exec-8] INFO - >>>>>>>>>>>> SAVE object to XML file = D:\java_training\web\workspace\FloristWeb\sgjsgj.xml
 